{
  "C:/Study/Projects/rs-react/src/helpers/getHeaderTitle.ts": {
    "path": "C:/Study/Projects/rs-react/src/helpers/getHeaderTitle.ts",
    "statementMap": {
      "0": {
        "start": {
          "line": 1,
          "column": 30
        },
        "end": {
          "line": 12,
          "column": 1
        }
      },
      "1": {
        "start": {
          "line": 2,
          "column": 2
        },
        "end": {
          "line": 11,
          "column": 3
        }
      },
      "2": {
        "start": {
          "line": 4,
          "column": 6
        },
        "end": {
          "line": 4,
          "column": 25
        }
      },
      "3": {
        "start": {
          "line": 6,
          "column": 6
        },
        "end": {
          "line": 6,
          "column": 26
        }
      },
      "4": {
        "start": {
          "line": 8,
          "column": 6
        },
        "end": {
          "line": 8,
          "column": 25
        }
      },
      "5": {
        "start": {
          "line": 10,
          "column": 6
        },
        "end": {
          "line": 10,
          "column": 30
        }
      }
    },
    "fnMap": {
      "0": {
        "name": "(anonymous_0)",
        "decl": {
          "start": {
            "line": 1,
            "column": 30
          },
          "end": {
            "line": 1,
            "column": 31
          }
        },
        "loc": {
          "start": {
            "line": 1,
            "column": 40
          },
          "end": {
            "line": 12,
            "column": 1
          }
        },
        "line": 1
      }
    },
    "branchMap": {
      "0": {
        "loc": {
          "start": {
            "line": 2,
            "column": 2
          },
          "end": {
            "line": 11,
            "column": 3
          }
        },
        "type": "switch",
        "locations": [
          {
            "start": {
              "line": 3,
              "column": 4
            },
            "end": {
              "line": 4,
              "column": 25
            }
          },
          {
            "start": {
              "line": 5,
              "column": 4
            },
            "end": {
              "line": 6,
              "column": 26
            }
          },
          {
            "start": {
              "line": 7,
              "column": 4
            },
            "end": {
              "line": 8,
              "column": 25
            }
          },
          {
            "start": {
              "line": 9,
              "column": 4
            },
            "end": {
              "line": 10,
              "column": 30
            }
          }
        ],
        "line": 2
      }
    },
    "s": {
      "0": 5,
      "1": 8,
      "2": 5,
      "3": 1,
      "4": 2,
      "5": 0
    },
    "f": {
      "0": 8
    },
    "b": {
      "0": [
        5,
        1,
        2,
        0
      ]
    },
    "inputSourceMap": {
      "version": 3,
      "sources": [
        "C:/Study/Projects/rs-react/src/helpers/getHeaderTitle.ts"
      ],
      "mappings": "AAAO,aAAM,iBAAiB,CAAC,SAAiB;AAC9C,UAAQ,MAAM;AAAA,IACZ,KAAK;AACH,aAAO;AAAA,IACT,KAAK;AACH,aAAO;AAAA,IACT,KAAK;AACH,aAAO;AAAA,IACT;AACE,aAAO;AAAA,EACX;AACF;",
      "names": []
    },
    "_coverageSchema": "1a1c01bbd47fc00a2c39e90264f33305004495a9",
    "hash": "1721fb9cab2128e6601373d735fae547db475ed5"
  },
  "C:/Study/Projects/rs-react/src/components/Header/index.tsx": {
    "path": "C:/Study/Projects/rs-react/src/components/Header/index.tsx",
    "statementMap": {
      "0": {
        "start": {
          "line": 5,
          "column": 0
        },
        "end": {
          "line": 15,
          "column": 1
        }
      },
      "1": {
        "start": {
          "line": 6,
          "column": 2
        },
        "end": {
          "line": 8,
          "column": 3
        }
      },
      "2": {
        "start": {
          "line": 7,
          "column": 4
        },
        "end": {
          "line": 7,
          "column": 165
        }
      },
      "3": {
        "start": {
          "line": 9,
          "column": 2
        },
        "end": {
          "line": 9,
          "column": 39
        }
      },
      "4": {
        "start": {
          "line": 10,
          "column": 2
        },
        "end": {
          "line": 10,
          "column": 39
        }
      },
      "5": {
        "start": {
          "line": 11,
          "column": 2
        },
        "end": {
          "line": 13,
          "column": 4
        }
      },
      "6": {
        "start": {
          "line": 12,
          "column": 4
        },
        "end": {
          "line": 12,
          "column": 102
        }
      },
      "7": {
        "start": {
          "line": 14,
          "column": 2
        },
        "end": {
          "line": 14,
          "column": 75
        }
      },
      "8": {
        "start": {
          "line": 16,
          "column": 9
        },
        "end": {
          "line": 16,
          "column": 23
        }
      },
      "9": {
        "start": {
          "line": 20,
          "column": 15
        },
        "end": {
          "line": 58,
          "column": 1
        }
      },
      "10": {
        "start": {
          "line": 21,
          "column": 2
        },
        "end": {
          "line": 21,
          "column": 7
        }
      },
      "11": {
        "start": {
          "line": 22,
          "column": 19
        },
        "end": {
          "line": 22,
          "column": 32
        }
      },
      "12": {
        "start": {
          "line": 23,
          "column": 19
        },
        "end": {
          "line": 23,
          "column": 52
        }
      },
      "13": {
        "start": {
          "line": 24,
          "column": 2
        },
        "end": {
          "line": 57,
          "column": 11
        }
      },
      "14": {
        "start": {
          "line": 59,
          "column": 0
        },
        "end": {
          "line": 61,
          "column": 3
        }
      },
      "15": {
        "start": {
          "line": 60,
          "column": 2
        },
        "end": {
          "line": 60,
          "column": 23
        }
      },
      "16": {
        "start": {
          "line": 62,
          "column": 0
        },
        "end": {
          "line": 62,
          "column": 12
        }
      },
      "17": {
        "start": {
          "line": 65,
          "column": 0
        },
        "end": {
          "line": 65,
          "column": 27
        }
      },
      "18": {
        "start": {
          "line": 66,
          "column": 0
        },
        "end": {
          "line": 82,
          "column": 1
        }
      },
      "19": {
        "start": {
          "line": 67,
          "column": 2
        },
        "end": {
          "line": 67,
          "column": 39
        }
      },
      "20": {
        "start": {
          "line": 68,
          "column": 2
        },
        "end": {
          "line": 68,
          "column": 39
        }
      },
      "21": {
        "start": {
          "line": 69,
          "column": 2
        },
        "end": {
          "line": 81,
          "column": 5
        }
      },
      "22": {
        "start": {
          "line": 73,
          "column": 4
        },
        "end": {
          "line": 73,
          "column": 128
        }
      },
      "23": {
        "start": {
          "line": 74,
          "column": 4
        },
        "end": {
          "line": 80,
          "column": 7
        }
      },
      "24": {
        "start": {
          "line": 75,
          "column": 6
        },
        "end": {
          "line": 76,
          "column": 15
        }
      },
      "25": {
        "start": {
          "line": 76,
          "column": 8
        },
        "end": {
          "line": 76,
          "column": 15
        }
      },
      "26": {
        "start": {
          "line": 77,
          "column": 32
        },
        "end": {
          "line": 77,
          "column": 115
        }
      },
      "27": {
        "start": {
          "line": 78,
          "column": 6
        },
        "end": {
          "line": 79,
          "column": 54
        }
      },
      "28": {
        "start": {
          "line": 79,
          "column": 8
        },
        "end": {
          "line": 79,
          "column": 54
        }
      }
    },
    "fnMap": {
      "0": {
        "name": "(anonymous_0)",
        "decl": {
          "start": {
            "line": 11,
            "column": 24
          },
          "end": {
            "line": 11,
            "column": 25
          }
        },
        "loc": {
          "start": {
            "line": 11,
            "column": 38
          },
          "end": {
            "line": 13,
            "column": 3
          }
        },
        "line": 11
      },
      "1": {
        "name": "(anonymous_1)",
        "decl": {
          "start": {
            "line": 20,
            "column": 15
          },
          "end": {
            "line": 20,
            "column": 16
          }
        },
        "loc": {
          "start": {
            "line": 20,
            "column": 21
          },
          "end": {
            "line": 58,
            "column": 1
          }
        },
        "line": 20
      },
      "2": {
        "name": "(anonymous_2)",
        "decl": {
          "start": {
            "line": 59,
            "column": 50
          },
          "end": {
            "line": 59,
            "column": 51
          }
        },
        "loc": {
          "start": {
            "line": 59,
            "column": 61
          },
          "end": {
            "line": 61,
            "column": 1
          }
        },
        "line": 59
      },
      "3": {
        "name": "(anonymous_3)",
        "decl": {
          "start": {
            "line": 72,
            "column": 9
          },
          "end": {
            "line": 72,
            "column": 10
          }
        },
        "loc": {
          "start": {
            "line": 72,
            "column": 29
          },
          "end": {
            "line": 81,
            "column": 3
          }
        },
        "line": 72
      },
      "4": {
        "name": "(anonymous_4)",
        "decl": {
          "start": {
            "line": 74,
            "column": 27
          },
          "end": {
            "line": 74,
            "column": 28
          }
        },
        "loc": {
          "start": {
            "line": 74,
            "column": 44
          },
          "end": {
            "line": 80,
            "column": 5
          }
        },
        "line": 74
      }
    },
    "branchMap": {
      "0": {
        "loc": {
          "start": {
            "line": 5,
            "column": 0
          },
          "end": {
            "line": 15,
            "column": 1
          }
        },
        "type": "if",
        "locations": [
          {
            "start": {
              "line": 5,
              "column": 0
            },
            "end": {
              "line": 15,
              "column": 1
            }
          },
          {
            "start": {},
            "end": {}
          }
        ],
        "line": 5
      },
      "1": {
        "loc": {
          "start": {
            "line": 6,
            "column": 2
          },
          "end": {
            "line": 8,
            "column": 3
          }
        },
        "type": "if",
        "locations": [
          {
            "start": {
              "line": 6,
              "column": 2
            },
            "end": {
              "line": 8,
              "column": 3
            }
          },
          {
            "start": {},
            "end": {}
          }
        ],
        "line": 6
      },
      "2": {
        "loc": {
          "start": {
            "line": 66,
            "column": 0
          },
          "end": {
            "line": 82,
            "column": 1
          }
        },
        "type": "if",
        "locations": [
          {
            "start": {
              "line": 66,
              "column": 0
            },
            "end": {
              "line": 82,
              "column": 1
            }
          },
          {
            "start": {},
            "end": {}
          }
        ],
        "line": 66
      },
      "3": {
        "loc": {
          "start": {
            "line": 75,
            "column": 6
          },
          "end": {
            "line": 76,
            "column": 15
          }
        },
        "type": "if",
        "locations": [
          {
            "start": {
              "line": 75,
              "column": 6
            },
            "end": {
              "line": 76,
              "column": 15
            }
          },
          {
            "start": {},
            "end": {}
          }
        ],
        "line": 75
      },
      "4": {
        "loc": {
          "start": {
            "line": 78,
            "column": 6
          },
          "end": {
            "line": 79,
            "column": 54
          }
        },
        "type": "if",
        "locations": [
          {
            "start": {
              "line": 78,
              "column": 6
            },
            "end": {
              "line": 79,
              "column": 54
            }
          },
          {
            "start": {},
            "end": {}
          }
        ],
        "line": 78
      }
    },
    "s": {
      "0": 5,
      "1": 5,
      "2": 0,
      "3": 5,
      "4": 5,
      "5": 5,
      "6": 5,
      "7": 5,
      "8": 5,
      "9": 5,
      "10": 8,
      "11": 8,
      "12": 8,
      "13": 8,
      "14": 5,
      "15": 5,
      "16": 5,
      "17": 5,
      "18": 5,
      "19": 5,
      "20": 5,
      "21": 5,
      "22": 4,
      "23": 4,
      "24": 0,
      "25": 0,
      "26": 0,
      "27": 0,
      "28": 0
    },
    "f": {
      "0": 5,
      "1": 8,
      "2": 5,
      "3": 4,
      "4": 0
    },
    "b": {
      "0": [
        5,
        0
      ],
      "1": [
        0,
        5
      ],
      "2": [
        5,
        0
      ],
      "3": [
        0,
        0
      ],
      "4": [
        0,
        0
      ]
    },
    "inputSourceMap": {
      "version": 3,
      "mappings": "AAYI,mBAGM,cAHN;;;;;;;;;;;;;;;;AAXJ,SAASA,SAASC,mBAAmB;AAErC,SAASC,sBAAsB;AAE/B,OAAO;AAEP,MAAMC,SAAaA,MAAM;AAAAC;AACvB,QAAMC,WAAWJ,YAAW;AAC5B,QAAMK,WAAWJ,eAAeG,SAASE,QAAQ;AAEjD,SACE,mCACE,iCAAC,YAAO,WAAU,UAChB,iCAAC,SAAI,WAAU,+BACb;AAAA,2BAAC,WAAQ,IAAG,KAAI,WAAU,gBAAe,oBAAzC;AAAA;AAAA;AAAA;AAAA,WAEA;AAAA,IACA,uBAAC,WAAQ,IAAG,UAAS,WAAU,gBAAe,qBAA9C;AAAA;AAAA;AAAA;AAAA,WAEA;AAAA,IACA,uBAAC,WAAQ,IAAG,SAAQ,WAAU,gBAAe,oBAA7C;AAAA;AAAA;AAAA;AAAA,WAEA;AAAA,IACA,uBAAC,SAAI,WAAU,iBAAiBD,sBAAhC;AAAA;AAAA;AAAA;AAAA,WAAyC;AAAA,OAV3C;AAAA;AAAA;AAAA;AAAA,SAWA,KAZF;AAAA;AAAA;AAAA;AAAA,SAaA,KAdF;AAAA;AAAA;AAAA;AAAA,SAeA;AAEJ;AAAEF,GAtBID,QAAU;AAAA,UACGF,WAAW;AAAA;AAAAO,KADxBL;AAwBN,eAAeA;AAAO;AAAAM",
      "names": [
        "NavLink",
        "useLocation",
        "getHeaderTitle",
        "Header",
        "_s",
        "location",
        "pageName",
        "pathname",
        "_c",
        "$RefreshReg$"
      ],
      "sources": [
        "C:/Study/Projects/rs-react/src/components/Header/index.tsx"
      ],
      "file": "C:/Study/Projects/rs-react/src/components/Header/index.tsx"
    },
    "_coverageSchema": "1a1c01bbd47fc00a2c39e90264f33305004495a9",
    "hash": "9ea3e5c217fa250314dbafaf29889f92c3025b77"
  },
  "C:/Study/Projects/rs-react/src/components/Layout/index.tsx": {
    "path": "C:/Study/Projects/rs-react/src/components/Layout/index.tsx",
    "statementMap": {
      "0": {
        "start": {
          "line": 5,
          "column": 0
        },
        "end": {
          "line": 15,
          "column": 1
        }
      },
      "1": {
        "start": {
          "line": 6,
          "column": 2
        },
        "end": {
          "line": 8,
          "column": 3
        }
      },
      "2": {
        "start": {
          "line": 7,
          "column": 4
        },
        "end": {
          "line": 7,
          "column": 165
        }
      },
      "3": {
        "start": {
          "line": 9,
          "column": 2
        },
        "end": {
          "line": 9,
          "column": 39
        }
      },
      "4": {
        "start": {
          "line": 10,
          "column": 2
        },
        "end": {
          "line": 10,
          "column": 39
        }
      },
      "5": {
        "start": {
          "line": 11,
          "column": 2
        },
        "end": {
          "line": 13,
          "column": 4
        }
      },
      "6": {
        "start": {
          "line": 12,
          "column": 4
        },
        "end": {
          "line": 12,
          "column": 102
        }
      },
      "7": {
        "start": {
          "line": 14,
          "column": 2
        },
        "end": {
          "line": 14,
          "column": 75
        }
      },
      "8": {
        "start": {
          "line": 18,
          "column": 15
        },
        "end": {
          "line": 39,
          "column": 1
        }
      },
      "9": {
        "start": {
          "line": 19,
          "column": 2
        },
        "end": {
          "line": 38,
          "column": 11
        }
      },
      "10": {
        "start": {
          "line": 40,
          "column": 0
        },
        "end": {
          "line": 40,
          "column": 12
        }
      },
      "11": {
        "start": {
          "line": 43,
          "column": 0
        },
        "end": {
          "line": 43,
          "column": 27
        }
      },
      "12": {
        "start": {
          "line": 44,
          "column": 0
        },
        "end": {
          "line": 60,
          "column": 1
        }
      },
      "13": {
        "start": {
          "line": 45,
          "column": 2
        },
        "end": {
          "line": 45,
          "column": 39
        }
      },
      "14": {
        "start": {
          "line": 46,
          "column": 2
        },
        "end": {
          "line": 46,
          "column": 39
        }
      },
      "15": {
        "start": {
          "line": 47,
          "column": 2
        },
        "end": {
          "line": 59,
          "column": 5
        }
      },
      "16": {
        "start": {
          "line": 51,
          "column": 4
        },
        "end": {
          "line": 51,
          "column": 128
        }
      },
      "17": {
        "start": {
          "line": 52,
          "column": 4
        },
        "end": {
          "line": 58,
          "column": 7
        }
      },
      "18": {
        "start": {
          "line": 53,
          "column": 6
        },
        "end": {
          "line": 54,
          "column": 15
        }
      },
      "19": {
        "start": {
          "line": 54,
          "column": 8
        },
        "end": {
          "line": 54,
          "column": 15
        }
      },
      "20": {
        "start": {
          "line": 55,
          "column": 32
        },
        "end": {
          "line": 55,
          "column": 115
        }
      },
      "21": {
        "start": {
          "line": 56,
          "column": 6
        },
        "end": {
          "line": 57,
          "column": 54
        }
      },
      "22": {
        "start": {
          "line": 57,
          "column": 8
        },
        "end": {
          "line": 57,
          "column": 54
        }
      }
    },
    "fnMap": {
      "0": {
        "name": "(anonymous_0)",
        "decl": {
          "start": {
            "line": 11,
            "column": 24
          },
          "end": {
            "line": 11,
            "column": 25
          }
        },
        "loc": {
          "start": {
            "line": 11,
            "column": 38
          },
          "end": {
            "line": 13,
            "column": 3
          }
        },
        "line": 11
      },
      "1": {
        "name": "(anonymous_1)",
        "decl": {
          "start": {
            "line": 18,
            "column": 15
          },
          "end": {
            "line": 18,
            "column": 16
          }
        },
        "loc": {
          "start": {
            "line": 18,
            "column": 21
          },
          "end": {
            "line": 39,
            "column": 1
          }
        },
        "line": 18
      },
      "2": {
        "name": "(anonymous_2)",
        "decl": {
          "start": {
            "line": 50,
            "column": 9
          },
          "end": {
            "line": 50,
            "column": 10
          }
        },
        "loc": {
          "start": {
            "line": 50,
            "column": 29
          },
          "end": {
            "line": 59,
            "column": 3
          }
        },
        "line": 50
      },
      "3": {
        "name": "(anonymous_3)",
        "decl": {
          "start": {
            "line": 52,
            "column": 27
          },
          "end": {
            "line": 52,
            "column": 28
          }
        },
        "loc": {
          "start": {
            "line": 52,
            "column": 44
          },
          "end": {
            "line": 58,
            "column": 5
          }
        },
        "line": 52
      }
    },
    "branchMap": {
      "0": {
        "loc": {
          "start": {
            "line": 5,
            "column": 0
          },
          "end": {
            "line": 15,
            "column": 1
          }
        },
        "type": "if",
        "locations": [
          {
            "start": {
              "line": 5,
              "column": 0
            },
            "end": {
              "line": 15,
              "column": 1
            }
          },
          {
            "start": {},
            "end": {}
          }
        ],
        "line": 5
      },
      "1": {
        "loc": {
          "start": {
            "line": 6,
            "column": 2
          },
          "end": {
            "line": 8,
            "column": 3
          }
        },
        "type": "if",
        "locations": [
          {
            "start": {
              "line": 6,
              "column": 2
            },
            "end": {
              "line": 8,
              "column": 3
            }
          },
          {
            "start": {},
            "end": {}
          }
        ],
        "line": 6
      },
      "2": {
        "loc": {
          "start": {
            "line": 44,
            "column": 0
          },
          "end": {
            "line": 60,
            "column": 1
          }
        },
        "type": "if",
        "locations": [
          {
            "start": {
              "line": 44,
              "column": 0
            },
            "end": {
              "line": 60,
              "column": 1
            }
          },
          {
            "start": {},
            "end": {}
          }
        ],
        "line": 44
      },
      "3": {
        "loc": {
          "start": {
            "line": 53,
            "column": 6
          },
          "end": {
            "line": 54,
            "column": 15
          }
        },
        "type": "if",
        "locations": [
          {
            "start": {
              "line": 53,
              "column": 6
            },
            "end": {
              "line": 54,
              "column": 15
            }
          },
          {
            "start": {},
            "end": {}
          }
        ],
        "line": 53
      },
      "4": {
        "loc": {
          "start": {
            "line": 56,
            "column": 6
          },
          "end": {
            "line": 57,
            "column": 54
          }
        },
        "type": "if",
        "locations": [
          {
            "start": {
              "line": 56,
              "column": 6
            },
            "end": {
              "line": 57,
              "column": 54
            }
          },
          {
            "start": {},
            "end": {}
          }
        ],
        "line": 56
      }
    },
    "s": {
      "0": 5,
      "1": 5,
      "2": 0,
      "3": 5,
      "4": 5,
      "5": 5,
      "6": 5,
      "7": 5,
      "8": 5,
      "9": 5,
      "10": 5,
      "11": 5,
      "12": 5,
      "13": 5,
      "14": 5,
      "15": 5,
      "16": 4,
      "17": 4,
      "18": 0,
      "19": 0,
      "20": 0,
      "21": 0,
      "22": 0
    },
    "f": {
      "0": 5,
      "1": 5,
      "2": 4,
      "3": 0
    },
    "b": {
      "0": [
        5,
        0
      ],
      "1": [
        0,
        5
      ],
      "2": [
        5,
        0
      ],
      "3": [
        0,
        0
      ],
      "4": [
        0,
        0
      ]
    },
    "inputSourceMap": {
      "version": 3,
      "mappings": "AAQM;AARN,OAAOA,oBAAmB;AAAO;AAAA;AAAA;AAAA;AAAA;AAAA;AAAA;AAAA;AAAA;AAAA;AAAA;AAAA;AAAA;AACjC,SAASC,cAAc;AAEvB,OAAOC,YAAY;AAEnB,MAAMC,SAAaA,MAAM;AACvB,SACE,uBAAC,SACC;AAAA,2BAAC,YAAD;AAAA;AAAA;AAAA;AAAA,WAAO;AAAA,IACP,uBAAC,UAAK,WAAU,aACd,iCAAC,YAAD;AAAA;AAAA;AAAA;AAAA,WAAO,KADT;AAAA;AAAA;AAAA;AAAA,WAEA;AAAA,OAJF;AAAA;AAAA;AAAA;AAAA,SAKA;AAEJ;AAAEC,KATID;AAWN,eAAeA;AAAO;AAAAE",
      "names": [
        "React",
        "Outlet",
        "Header",
        "Layout",
        "_c",
        "$RefreshReg$"
      ],
      "sources": [
        "C:/Study/Projects/rs-react/src/components/Layout/index.tsx"
      ],
      "file": "C:/Study/Projects/rs-react/src/components/Layout/index.tsx"
    },
    "_coverageSchema": "1a1c01bbd47fc00a2c39e90264f33305004495a9",
    "hash": "b8622df891d5ea14d341a123ead1439a83fb1cef"
  },
  "C:/Study/Projects/rs-react/src/hook.ts": {
    "path": "C:/Study/Projects/rs-react/src/hook.ts",
    "statementMap": {
      "0": {
        "start": {
          "line": 2,
          "column": 30
        },
        "end": {
          "line": 2,
          "column": 49
        }
      },
      "1": {
        "start": {
          "line": 2,
          "column": 36
        },
        "end": {
          "line": 2,
          "column": 49
        }
      },
      "2": {
        "start": {
          "line": 3,
          "column": 30
        },
        "end": {
          "line": 3,
          "column": 41
        }
      }
    },
    "fnMap": {
      "0": {
        "name": "(anonymous_0)",
        "decl": {
          "start": {
            "line": 2,
            "column": 30
          },
          "end": {
            "line": 2,
            "column": 31
          }
        },
        "loc": {
          "start": {
            "line": 2,
            "column": 36
          },
          "end": {
            "line": 2,
            "column": 49
          }
        },
        "line": 2
      }
    },
    "branchMap": {},
    "s": {
      "0": 5,
      "1": 44,
      "2": 5
    },
    "f": {
      "0": 44
    },
    "b": {},
    "inputSourceMap": {
      "version": 3,
      "sources": [
        "C:/Study/Projects/rs-react/src/hook.ts"
      ],
      "mappings": "AAAA,SAAS,aAAa,mBAAyC;AAGxD,aAAM,iBAAiB,MAAM,YAAyB;AACtD,aAAM,iBAAkD;",
      "names": []
    },
    "_coverageSchema": "1a1c01bbd47fc00a2c39e90264f33305004495a9",
    "hash": "e4673d6ced7c630ff274d1f5c6a8f3c4e274587d"
  },
  "C:/Study/Projects/rs-react/src/components/SearchBar/index.tsx": {
    "path": "C:/Study/Projects/rs-react/src/components/SearchBar/index.tsx",
    "statementMap": {
      "0": {
        "start": {
          "line": 5,
          "column": 0
        },
        "end": {
          "line": 15,
          "column": 1
        }
      },
      "1": {
        "start": {
          "line": 6,
          "column": 2
        },
        "end": {
          "line": 8,
          "column": 3
        }
      },
      "2": {
        "start": {
          "line": 7,
          "column": 4
        },
        "end": {
          "line": 7,
          "column": 165
        }
      },
      "3": {
        "start": {
          "line": 9,
          "column": 2
        },
        "end": {
          "line": 9,
          "column": 39
        }
      },
      "4": {
        "start": {
          "line": 10,
          "column": 2
        },
        "end": {
          "line": 10,
          "column": 39
        }
      },
      "5": {
        "start": {
          "line": 11,
          "column": 2
        },
        "end": {
          "line": 13,
          "column": 4
        }
      },
      "6": {
        "start": {
          "line": 12,
          "column": 4
        },
        "end": {
          "line": 12,
          "column": 105
        }
      },
      "7": {
        "start": {
          "line": 14,
          "column": 2
        },
        "end": {
          "line": 14,
          "column": 75
        }
      },
      "8": {
        "start": {
          "line": 17,
          "column": 18
        },
        "end": {
          "line": 52,
          "column": 1
        }
      },
      "9": {
        "start": {
          "line": 22,
          "column": 22
        },
        "end": {
          "line": 24,
          "column": 3
        }
      },
      "10": {
        "start": {
          "line": 23,
          "column": 4
        },
        "end": {
          "line": 23,
          "column": 34
        }
      },
      "11": {
        "start": {
          "line": 25,
          "column": 2
        },
        "end": {
          "line": 51,
          "column": 11
        }
      },
      "12": {
        "start": {
          "line": 53,
          "column": 0
        },
        "end": {
          "line": 53,
          "column": 15
        }
      },
      "13": {
        "start": {
          "line": 56,
          "column": 0
        },
        "end": {
          "line": 56,
          "column": 30
        }
      },
      "14": {
        "start": {
          "line": 57,
          "column": 0
        },
        "end": {
          "line": 73,
          "column": 1
        }
      },
      "15": {
        "start": {
          "line": 58,
          "column": 2
        },
        "end": {
          "line": 58,
          "column": 39
        }
      },
      "16": {
        "start": {
          "line": 59,
          "column": 2
        },
        "end": {
          "line": 59,
          "column": 39
        }
      },
      "17": {
        "start": {
          "line": 60,
          "column": 2
        },
        "end": {
          "line": 72,
          "column": 5
        }
      },
      "18": {
        "start": {
          "line": 64,
          "column": 4
        },
        "end": {
          "line": 64,
          "column": 131
        }
      },
      "19": {
        "start": {
          "line": 65,
          "column": 4
        },
        "end": {
          "line": 71,
          "column": 7
        }
      },
      "20": {
        "start": {
          "line": 66,
          "column": 6
        },
        "end": {
          "line": 67,
          "column": 15
        }
      },
      "21": {
        "start": {
          "line": 67,
          "column": 8
        },
        "end": {
          "line": 67,
          "column": 15
        }
      },
      "22": {
        "start": {
          "line": 68,
          "column": 32
        },
        "end": {
          "line": 68,
          "column": 115
        }
      },
      "23": {
        "start": {
          "line": 69,
          "column": 6
        },
        "end": {
          "line": 70,
          "column": 54
        }
      },
      "24": {
        "start": {
          "line": 70,
          "column": 8
        },
        "end": {
          "line": 70,
          "column": 54
        }
      }
    },
    "fnMap": {
      "0": {
        "name": "(anonymous_0)",
        "decl": {
          "start": {
            "line": 11,
            "column": 24
          },
          "end": {
            "line": 11,
            "column": 25
          }
        },
        "loc": {
          "start": {
            "line": 11,
            "column": 38
          },
          "end": {
            "line": 13,
            "column": 3
          }
        },
        "line": 11
      },
      "1": {
        "name": "(anonymous_1)",
        "decl": {
          "start": {
            "line": 17,
            "column": 18
          },
          "end": {
            "line": 17,
            "column": 19
          }
        },
        "loc": {
          "start": {
            "line": 21,
            "column": 6
          },
          "end": {
            "line": 52,
            "column": 1
          }
        },
        "line": 21
      },
      "2": {
        "name": "(anonymous_2)",
        "decl": {
          "start": {
            "line": 22,
            "column": 22
          },
          "end": {
            "line": 22,
            "column": 23
          }
        },
        "loc": {
          "start": {
            "line": 22,
            "column": 29
          },
          "end": {
            "line": 24,
            "column": 3
          }
        },
        "line": 22
      },
      "3": {
        "name": "(anonymous_3)",
        "decl": {
          "start": {
            "line": 63,
            "column": 9
          },
          "end": {
            "line": 63,
            "column": 10
          }
        },
        "loc": {
          "start": {
            "line": 63,
            "column": 29
          },
          "end": {
            "line": 72,
            "column": 3
          }
        },
        "line": 63
      },
      "4": {
        "name": "(anonymous_4)",
        "decl": {
          "start": {
            "line": 65,
            "column": 27
          },
          "end": {
            "line": 65,
            "column": 28
          }
        },
        "loc": {
          "start": {
            "line": 65,
            "column": 44
          },
          "end": {
            "line": 71,
            "column": 5
          }
        },
        "line": 65
      }
    },
    "branchMap": {
      "0": {
        "loc": {
          "start": {
            "line": 5,
            "column": 0
          },
          "end": {
            "line": 15,
            "column": 1
          }
        },
        "type": "if",
        "locations": [
          {
            "start": {
              "line": 5,
              "column": 0
            },
            "end": {
              "line": 15,
              "column": 1
            }
          },
          {
            "start": {},
            "end": {}
          }
        ],
        "line": 5
      },
      "1": {
        "loc": {
          "start": {
            "line": 6,
            "column": 2
          },
          "end": {
            "line": 8,
            "column": 3
          }
        },
        "type": "if",
        "locations": [
          {
            "start": {
              "line": 6,
              "column": 2
            },
            "end": {
              "line": 8,
              "column": 3
            }
          },
          {
            "start": {},
            "end": {}
          }
        ],
        "line": 6
      },
      "2": {
        "loc": {
          "start": {
            "line": 57,
            "column": 0
          },
          "end": {
            "line": 73,
            "column": 1
          }
        },
        "type": "if",
        "locations": [
          {
            "start": {
              "line": 57,
              "column": 0
            },
            "end": {
              "line": 73,
              "column": 1
            }
          },
          {
            "start": {},
            "end": {}
          }
        ],
        "line": 57
      },
      "3": {
        "loc": {
          "start": {
            "line": 66,
            "column": 6
          },
          "end": {
            "line": 67,
            "column": 15
          }
        },
        "type": "if",
        "locations": [
          {
            "start": {
              "line": 66,
              "column": 6
            },
            "end": {
              "line": 67,
              "column": 15
            }
          },
          {
            "start": {},
            "end": {}
          }
        ],
        "line": 66
      },
      "4": {
        "loc": {
          "start": {
            "line": 69,
            "column": 6
          },
          "end": {
            "line": 70,
            "column": 54
          }
        },
        "type": "if",
        "locations": [
          {
            "start": {
              "line": 69,
              "column": 6
            },
            "end": {
              "line": 70,
              "column": 54
            }
          },
          {
            "start": {},
            "end": {}
          }
        ],
        "line": 69
      }
    },
    "s": {
      "0": 5,
      "1": 5,
      "2": 0,
      "3": 5,
      "4": 5,
      "5": 5,
      "6": 5,
      "7": 5,
      "8": 5,
      "9": 16,
      "10": 5,
      "11": 16,
      "12": 5,
      "13": 5,
      "14": 5,
      "15": 5,
      "16": 5,
      "17": 5,
      "18": 4,
      "19": 4,
      "20": 0,
      "21": 0,
      "22": 0,
      "23": 0,
      "24": 0
    },
    "f": {
      "0": 5,
      "1": 16,
      "2": 5,
      "3": 4,
      "4": 0
    },
    "b": {
      "0": [
        5,
        0
      ],
      "1": [
        0,
        5
      ],
      "2": [
        5,
        0
      ],
      "3": [
        0,
        0
      ],
      "4": [
        0,
        0
      ]
    },
    "inputSourceMap": {
      "version": 3,
      "mappings": "AAcQ;AAdR,OAAOA,oBAAmB;AAAO;AAAA;AAAA;AAAA;AAAA;AAAA;AAAA;AAAA;AAAA;AAAA;AAAA;AAAA;AAAA;AAIjC,OAAO;AAEP,MAAMC,YAA4BA,CAAC;AAAA,EAAEC;AAAAA,EAAYC;AAAAA,EAAeC;AAAa,MAAM;AACjF,QAAMC,cAAcA,CAACC,MAAiD;AACpEH,kBAAcG,EAAEC,OAAOC,KAAK;AAAA,EAC9B;AAEA,SACE,uBAAC,UAAK,eAAY,QAAO,WAAU,UAAS,UAAUJ,cACpD;AAAA,2BAAC,SAAI,WAAU,iBACb;AAAA,6BAAC,OAAE,WAAU,2CAAb;AAAA;AAAA;AAAA;AAAA,aAAqD;AAAA,MACrD,uBAAC,WAAM,MAAK,QAAO,OAAOF,YAAY,UAAUG,aAAa,aAAY,eAAzE;AAAA;AAAA;AAAA;AAAA,aAAoF;AAAA,SAFtF;AAAA;AAAA;AAAA;AAAA,WAGA;AAAA,IACA,uBAAC,YAAO,eAAY,kBAAiB,WAAU,kBAAiB,MAAK,UAAS,sBAA9E;AAAA;AAAA;AAAA;AAAA,WAEA;AAAA,OAPF;AAAA;AAAA;AAAA;AAAA,SAQA;AAEJ;AAAEI,KAhBIR;AAkBN,eAAeA;AAAU;AAAAS",
      "names": [
        "React",
        "SearchBar",
        "inputQuery",
        "setInputQuery",
        "handleSubmit",
        "handleQuery",
        "e",
        "target",
        "value",
        "_c",
        "$RefreshReg$"
      ],
      "sources": [
        "C:/Study/Projects/rs-react/src/components/SearchBar/index.tsx"
      ],
      "file": "C:/Study/Projects/rs-react/src/components/SearchBar/index.tsx"
    },
    "_coverageSchema": "1a1c01bbd47fc00a2c39e90264f33305004495a9",
    "hash": "ea02b18bc273fb7104c5ce40304de947ed86fb8c"
  },
  "C:/Study/Projects/rs-react/src/components/CardList/CardListItem/index.tsx": {
    "path": "C:/Study/Projects/rs-react/src/components/CardList/CardListItem/index.tsx",
    "statementMap": {
      "0": {
        "start": {
          "line": 5,
          "column": 0
        },
        "end": {
          "line": 15,
          "column": 1
        }
      },
      "1": {
        "start": {
          "line": 6,
          "column": 2
        },
        "end": {
          "line": 8,
          "column": 3
        }
      },
      "2": {
        "start": {
          "line": 7,
          "column": 4
        },
        "end": {
          "line": 7,
          "column": 165
        }
      },
      "3": {
        "start": {
          "line": 9,
          "column": 2
        },
        "end": {
          "line": 9,
          "column": 39
        }
      },
      "4": {
        "start": {
          "line": 10,
          "column": 2
        },
        "end": {
          "line": 10,
          "column": 39
        }
      },
      "5": {
        "start": {
          "line": 11,
          "column": 2
        },
        "end": {
          "line": 13,
          "column": 4
        }
      },
      "6": {
        "start": {
          "line": 12,
          "column": 4
        },
        "end": {
          "line": 12,
          "column": 117
        }
      },
      "7": {
        "start": {
          "line": 14,
          "column": 2
        },
        "end": {
          "line": 14,
          "column": 75
        }
      },
      "8": {
        "start": {
          "line": 17,
          "column": 21
        },
        "end": {
          "line": 46,
          "column": 1
        }
      },
      "9": {
        "start": {
          "line": 22,
          "column": 19
        },
        "end": {
          "line": 25,
          "column": 3
        }
      },
      "10": {
        "start": {
          "line": 23,
          "column": 4
        },
        "end": {
          "line": 23,
          "column": 23
        }
      },
      "11": {
        "start": {
          "line": 24,
          "column": 4
        },
        "end": {
          "line": 24,
          "column": 29
        }
      },
      "12": {
        "start": {
          "line": 26,
          "column": 2
        },
        "end": {
          "line": 45,
          "column": 11
        }
      },
      "13": {
        "start": {
          "line": 47,
          "column": 0
        },
        "end": {
          "line": 47,
          "column": 18
        }
      },
      "14": {
        "start": {
          "line": 50,
          "column": 0
        },
        "end": {
          "line": 50,
          "column": 33
        }
      },
      "15": {
        "start": {
          "line": 51,
          "column": 0
        },
        "end": {
          "line": 67,
          "column": 1
        }
      },
      "16": {
        "start": {
          "line": 52,
          "column": 2
        },
        "end": {
          "line": 52,
          "column": 39
        }
      },
      "17": {
        "start": {
          "line": 53,
          "column": 2
        },
        "end": {
          "line": 53,
          "column": 39
        }
      },
      "18": {
        "start": {
          "line": 54,
          "column": 2
        },
        "end": {
          "line": 66,
          "column": 5
        }
      },
      "19": {
        "start": {
          "line": 58,
          "column": 4
        },
        "end": {
          "line": 58,
          "column": 143
        }
      },
      "20": {
        "start": {
          "line": 59,
          "column": 4
        },
        "end": {
          "line": 65,
          "column": 7
        }
      },
      "21": {
        "start": {
          "line": 60,
          "column": 6
        },
        "end": {
          "line": 61,
          "column": 15
        }
      },
      "22": {
        "start": {
          "line": 61,
          "column": 8
        },
        "end": {
          "line": 61,
          "column": 15
        }
      },
      "23": {
        "start": {
          "line": 62,
          "column": 32
        },
        "end": {
          "line": 62,
          "column": 115
        }
      },
      "24": {
        "start": {
          "line": 63,
          "column": 6
        },
        "end": {
          "line": 64,
          "column": 54
        }
      },
      "25": {
        "start": {
          "line": 64,
          "column": 8
        },
        "end": {
          "line": 64,
          "column": 54
        }
      }
    },
    "fnMap": {
      "0": {
        "name": "(anonymous_0)",
        "decl": {
          "start": {
            "line": 11,
            "column": 24
          },
          "end": {
            "line": 11,
            "column": 25
          }
        },
        "loc": {
          "start": {
            "line": 11,
            "column": 38
          },
          "end": {
            "line": 13,
            "column": 3
          }
        },
        "line": 11
      },
      "1": {
        "name": "(anonymous_1)",
        "decl": {
          "start": {
            "line": 17,
            "column": 21
          },
          "end": {
            "line": 17,
            "column": 22
          }
        },
        "loc": {
          "start": {
            "line": 21,
            "column": 6
          },
          "end": {
            "line": 46,
            "column": 1
          }
        },
        "line": 21
      },
      "2": {
        "name": "(anonymous_2)",
        "decl": {
          "start": {
            "line": 22,
            "column": 19
          },
          "end": {
            "line": 22,
            "column": 20
          }
        },
        "loc": {
          "start": {
            "line": 22,
            "column": 25
          },
          "end": {
            "line": 25,
            "column": 3
          }
        },
        "line": 22
      },
      "3": {
        "name": "(anonymous_3)",
        "decl": {
          "start": {
            "line": 57,
            "column": 9
          },
          "end": {
            "line": 57,
            "column": 10
          }
        },
        "loc": {
          "start": {
            "line": 57,
            "column": 29
          },
          "end": {
            "line": 66,
            "column": 3
          }
        },
        "line": 57
      },
      "4": {
        "name": "(anonymous_4)",
        "decl": {
          "start": {
            "line": 59,
            "column": 27
          },
          "end": {
            "line": 59,
            "column": 28
          }
        },
        "loc": {
          "start": {
            "line": 59,
            "column": 44
          },
          "end": {
            "line": 65,
            "column": 5
          }
        },
        "line": 59
      }
    },
    "branchMap": {
      "0": {
        "loc": {
          "start": {
            "line": 5,
            "column": 0
          },
          "end": {
            "line": 15,
            "column": 1
          }
        },
        "type": "if",
        "locations": [
          {
            "start": {
              "line": 5,
              "column": 0
            },
            "end": {
              "line": 15,
              "column": 1
            }
          },
          {
            "start": {},
            "end": {}
          }
        ],
        "line": 5
      },
      "1": {
        "loc": {
          "start": {
            "line": 6,
            "column": 2
          },
          "end": {
            "line": 8,
            "column": 3
          }
        },
        "type": "if",
        "locations": [
          {
            "start": {
              "line": 6,
              "column": 2
            },
            "end": {
              "line": 8,
              "column": 3
            }
          },
          {
            "start": {},
            "end": {}
          }
        ],
        "line": 6
      },
      "2": {
        "loc": {
          "start": {
            "line": 27,
            "column": 109
          },
          "end": {
            "line": 27,
            "column": 191
          }
        },
        "type": "cond-expr",
        "locations": [
          {
            "start": {
              "line": 27,
              "column": 128
            },
            "end": {
              "line": 27,
              "column": 181
            }
          },
          {
            "start": {
              "line": 27,
              "column": 184
            },
            "end": {
              "line": 27,
              "column": 191
            }
          }
        ],
        "line": 27
      },
      "3": {
        "loc": {
          "start": {
            "line": 27,
            "column": 198
          },
          "end": {
            "line": 27,
            "column": 239
          }
        },
        "type": "cond-expr",
        "locations": [
          {
            "start": {
              "line": 27,
              "column": 217
            },
            "end": {
              "line": 27,
              "column": 227
            }
          },
          {
            "start": {
              "line": 27,
              "column": 230
            },
            "end": {
              "line": 27,
              "column": 239
            }
          }
        ],
        "line": 27
      },
      "4": {
        "loc": {
          "start": {
            "line": 51,
            "column": 0
          },
          "end": {
            "line": 67,
            "column": 1
          }
        },
        "type": "if",
        "locations": [
          {
            "start": {
              "line": 51,
              "column": 0
            },
            "end": {
              "line": 67,
              "column": 1
            }
          },
          {
            "start": {},
            "end": {}
          }
        ],
        "line": 51
      },
      "5": {
        "loc": {
          "start": {
            "line": 60,
            "column": 6
          },
          "end": {
            "line": 61,
            "column": 15
          }
        },
        "type": "if",
        "locations": [
          {
            "start": {
              "line": 60,
              "column": 6
            },
            "end": {
              "line": 61,
              "column": 15
            }
          },
          {
            "start": {},
            "end": {}
          }
        ],
        "line": 60
      },
      "6": {
        "loc": {
          "start": {
            "line": 63,
            "column": 6
          },
          "end": {
            "line": 64,
            "column": 54
          }
        },
        "type": "if",
        "locations": [
          {
            "start": {
              "line": 63,
              "column": 6
            },
            "end": {
              "line": 64,
              "column": 54
            }
          },
          {
            "start": {},
            "end": {}
          }
        ],
        "line": 63
      }
    },
    "s": {
      "0": 5,
      "1": 5,
      "2": 0,
      "3": 5,
      "4": 5,
      "5": 5,
      "6": 5,
      "7": 5,
      "8": 5,
      "9": 120,
      "10": 0,
      "11": 0,
      "12": 120,
      "13": 5,
      "14": 5,
      "15": 5,
      "16": 5,
      "17": 5,
      "18": 5,
      "19": 4,
      "20": 4,
      "21": 0,
      "22": 0,
      "23": 0,
      "24": 0,
      "25": 0
    },
    "f": {
      "0": 5,
      "1": 120,
      "2": 0,
      "3": 4,
      "4": 0
    },
    "b": {
      "0": [
        5,
        0
      ],
      "1": [
        0,
        5
      ],
      "2": [
        120,
        0
      ],
      "3": [
        120,
        0
      ],
      "4": [
        5,
        0
      ],
      "5": [
        0,
        0
      ],
      "6": [
        0,
        0
      ]
    },
    "inputSourceMap": {
      "version": 3,
      "mappings": "AAaQ;AAbR,OAAOA,oBAAmB;AAAO;AAAA;AAAA;AAAA;AAAA;AAAA;AAAA;AAAA;AAAA;AAAA;AAAA;AAAA;AAAA;AAEjC,OAAOC,aAAa;AAEpB,MAAMC,eAAkCA,CAAC;AAAA,EAAEC;AAAAA,EAAMC;AAAAA,EAAcC;AAAgB,MAAM;AACnF,QAAMC,WAAWA,MAAM;AACrBF,iBAAa,IAAI;AACjBC,oBAAgBF,KAAKI,EAAE;AAAA,EACzB;AAEA,SACE,uBAAC,SAAI,SAASD,UAAU,eAAY,QAAO,WAAU,QACnD;AAAA,2BAAC,SAAI,WAAU,eACb,iCAAC,SACC,KAAKH,KAAKK,cAAe,mCAAkCL,KAAKK,gBAAgBP,SAChF,KAAKE,KAAKK,cAAcL,KAAKM,QAAQ,WACrC,WAAU,eAHZ;AAAA;AAAA;AAAA;AAAA,WAGuB,KAJzB;AAAA;AAAA;AAAA;AAAA,WAMA;AAAA,IACA,uBAAC,QAAG,WAAU,cAAcN,eAAKM,SAAjC;AAAA;AAAA;AAAA;AAAA,WAAuC;AAAA,OARwBN,KAAKI,IAAtE;AAAA;AAAA;AAAA;AAAA,SASA;AAEJ;AAAEG,KAlBIR;AAoBN,eAAeA;AAAa;AAAAS",
      "names": [
        "React",
        "noImage",
        "CardListItem",
        "card",
        "setShowModal",
        "setActiveCardId",
        "openCard",
        "id",
        "poster_path",
        "title",
        "_c",
        "$RefreshReg$"
      ],
      "sources": [
        "C:/Study/Projects/rs-react/src/components/CardList/CardListItem/index.tsx"
      ],
      "file": "C:/Study/Projects/rs-react/src/components/CardList/CardListItem/index.tsx"
    },
    "_coverageSchema": "1a1c01bbd47fc00a2c39e90264f33305004495a9",
    "hash": "3ac4d578f3b0989707c6520fb414b63685128342"
  },
  "C:/Study/Projects/rs-react/src/components/CardList/index.tsx": {
    "path": "C:/Study/Projects/rs-react/src/components/CardList/index.tsx",
    "statementMap": {
      "0": {
        "start": {
          "line": 5,
          "column": 0
        },
        "end": {
          "line": 15,
          "column": 1
        }
      },
      "1": {
        "start": {
          "line": 6,
          "column": 2
        },
        "end": {
          "line": 8,
          "column": 3
        }
      },
      "2": {
        "start": {
          "line": 7,
          "column": 4
        },
        "end": {
          "line": 7,
          "column": 165
        }
      },
      "3": {
        "start": {
          "line": 9,
          "column": 2
        },
        "end": {
          "line": 9,
          "column": 39
        }
      },
      "4": {
        "start": {
          "line": 10,
          "column": 2
        },
        "end": {
          "line": 10,
          "column": 39
        }
      },
      "5": {
        "start": {
          "line": 11,
          "column": 2
        },
        "end": {
          "line": 13,
          "column": 4
        }
      },
      "6": {
        "start": {
          "line": 12,
          "column": 4
        },
        "end": {
          "line": 12,
          "column": 104
        }
      },
      "7": {
        "start": {
          "line": 14,
          "column": 2
        },
        "end": {
          "line": 14,
          "column": 75
        }
      },
      "8": {
        "start": {
          "line": 16,
          "column": 9
        },
        "end": {
          "line": 16,
          "column": 23
        }
      },
      "9": {
        "start": {
          "line": 20,
          "column": 17
        },
        "end": {
          "line": 39,
          "column": 1
        }
      },
      "10": {
        "start": {
          "line": 24,
          "column": 2
        },
        "end": {
          "line": 24,
          "column": 7
        }
      },
      "11": {
        "start": {
          "line": 27,
          "column": 6
        },
        "end": {
          "line": 27,
          "column": 43
        }
      },
      "12": {
        "start": {
          "line": 27,
          "column": 32
        },
        "end": {
          "line": 27,
          "column": 42
        }
      },
      "13": {
        "start": {
          "line": 28,
          "column": 2
        },
        "end": {
          "line": 38,
          "column": 11
        }
      },
      "14": {
        "start": {
          "line": 29,
          "column": 4
        },
        "end": {
          "line": 33,
          "column": 13
        }
      },
      "15": {
        "start": {
          "line": 40,
          "column": 0
        },
        "end": {
          "line": 42,
          "column": 3
        }
      },
      "16": {
        "start": {
          "line": 41,
          "column": 2
        },
        "end": {
          "line": 41,
          "column": 26
        }
      },
      "17": {
        "start": {
          "line": 43,
          "column": 0
        },
        "end": {
          "line": 43,
          "column": 14
        }
      },
      "18": {
        "start": {
          "line": 46,
          "column": 0
        },
        "end": {
          "line": 46,
          "column": 29
        }
      },
      "19": {
        "start": {
          "line": 47,
          "column": 0
        },
        "end": {
          "line": 63,
          "column": 1
        }
      },
      "20": {
        "start": {
          "line": 48,
          "column": 2
        },
        "end": {
          "line": 48,
          "column": 39
        }
      },
      "21": {
        "start": {
          "line": 49,
          "column": 2
        },
        "end": {
          "line": 49,
          "column": 39
        }
      },
      "22": {
        "start": {
          "line": 50,
          "column": 2
        },
        "end": {
          "line": 62,
          "column": 5
        }
      },
      "23": {
        "start": {
          "line": 54,
          "column": 4
        },
        "end": {
          "line": 54,
          "column": 130
        }
      },
      "24": {
        "start": {
          "line": 55,
          "column": 4
        },
        "end": {
          "line": 61,
          "column": 7
        }
      },
      "25": {
        "start": {
          "line": 56,
          "column": 6
        },
        "end": {
          "line": 57,
          "column": 15
        }
      },
      "26": {
        "start": {
          "line": 57,
          "column": 8
        },
        "end": {
          "line": 57,
          "column": 15
        }
      },
      "27": {
        "start": {
          "line": 58,
          "column": 32
        },
        "end": {
          "line": 58,
          "column": 115
        }
      },
      "28": {
        "start": {
          "line": 59,
          "column": 6
        },
        "end": {
          "line": 60,
          "column": 54
        }
      },
      "29": {
        "start": {
          "line": 60,
          "column": 8
        },
        "end": {
          "line": 60,
          "column": 54
        }
      }
    },
    "fnMap": {
      "0": {
        "name": "(anonymous_0)",
        "decl": {
          "start": {
            "line": 11,
            "column": 24
          },
          "end": {
            "line": 11,
            "column": 25
          }
        },
        "loc": {
          "start": {
            "line": 11,
            "column": 38
          },
          "end": {
            "line": 13,
            "column": 3
          }
        },
        "line": 11
      },
      "1": {
        "name": "(anonymous_1)",
        "decl": {
          "start": {
            "line": 20,
            "column": 17
          },
          "end": {
            "line": 20,
            "column": 18
          }
        },
        "loc": {
          "start": {
            "line": 23,
            "column": 6
          },
          "end": {
            "line": 39,
            "column": 1
          }
        },
        "line": 23
      },
      "2": {
        "name": "(anonymous_2)",
        "decl": {
          "start": {
            "line": 27,
            "column": 21
          },
          "end": {
            "line": 27,
            "column": 22
          }
        },
        "loc": {
          "start": {
            "line": 27,
            "column": 32
          },
          "end": {
            "line": 27,
            "column": 42
          }
        },
        "line": 27
      },
      "3": {
        "name": "(anonymous_3)",
        "decl": {
          "start": {
            "line": 28,
            "column": 116
          },
          "end": {
            "line": 28,
            "column": 117
          }
        },
        "loc": {
          "start": {
            "line": 28,
            "column": 126
          },
          "end": {
            "line": 34,
            "column": 3
          }
        },
        "line": 28
      },
      "4": {
        "name": "(anonymous_4)",
        "decl": {
          "start": {
            "line": 40,
            "column": 52
          },
          "end": {
            "line": 40,
            "column": 53
          }
        },
        "loc": {
          "start": {
            "line": 40,
            "column": 63
          },
          "end": {
            "line": 42,
            "column": 1
          }
        },
        "line": 40
      },
      "5": {
        "name": "(anonymous_5)",
        "decl": {
          "start": {
            "line": 53,
            "column": 9
          },
          "end": {
            "line": 53,
            "column": 10
          }
        },
        "loc": {
          "start": {
            "line": 53,
            "column": 29
          },
          "end": {
            "line": 62,
            "column": 3
          }
        },
        "line": 53
      },
      "6": {
        "name": "(anonymous_6)",
        "decl": {
          "start": {
            "line": 55,
            "column": 27
          },
          "end": {
            "line": 55,
            "column": 28
          }
        },
        "loc": {
          "start": {
            "line": 55,
            "column": 44
          },
          "end": {
            "line": 61,
            "column": 5
          }
        },
        "line": 55
      }
    },
    "branchMap": {
      "0": {
        "loc": {
          "start": {
            "line": 5,
            "column": 0
          },
          "end": {
            "line": 15,
            "column": 1
          }
        },
        "type": "if",
        "locations": [
          {
            "start": {
              "line": 5,
              "column": 0
            },
            "end": {
              "line": 15,
              "column": 1
            }
          },
          {
            "start": {},
            "end": {}
          }
        ],
        "line": 5
      },
      "1": {
        "loc": {
          "start": {
            "line": 6,
            "column": 2
          },
          "end": {
            "line": 8,
            "column": 3
          }
        },
        "type": "if",
        "locations": [
          {
            "start": {
              "line": 6,
              "column": 2
            },
            "end": {
              "line": 8,
              "column": 3
            }
          },
          {
            "start": {},
            "end": {}
          }
        ],
        "line": 6
      },
      "2": {
        "loc": {
          "start": {
            "line": 47,
            "column": 0
          },
          "end": {
            "line": 63,
            "column": 1
          }
        },
        "type": "if",
        "locations": [
          {
            "start": {
              "line": 47,
              "column": 0
            },
            "end": {
              "line": 63,
              "column": 1
            }
          },
          {
            "start": {},
            "end": {}
          }
        ],
        "line": 47
      },
      "3": {
        "loc": {
          "start": {
            "line": 56,
            "column": 6
          },
          "end": {
            "line": 57,
            "column": 15
          }
        },
        "type": "if",
        "locations": [
          {
            "start": {
              "line": 56,
              "column": 6
            },
            "end": {
              "line": 57,
              "column": 15
            }
          },
          {
            "start": {},
            "end": {}
          }
        ],
        "line": 56
      },
      "4": {
        "loc": {
          "start": {
            "line": 59,
            "column": 6
          },
          "end": {
            "line": 60,
            "column": 54
          }
        },
        "type": "if",
        "locations": [
          {
            "start": {
              "line": 59,
              "column": 6
            },
            "end": {
              "line": 60,
              "column": 54
            }
          },
          {
            "start": {},
            "end": {}
          }
        ],
        "line": 59
      }
    },
    "s": {
      "0": 5,
      "1": 5,
      "2": 0,
      "3": 5,
      "4": 5,
      "5": 5,
      "6": 5,
      "7": 5,
      "8": 5,
      "9": 5,
      "10": 16,
      "11": 16,
      "12": 23,
      "13": 16,
      "14": 120,
      "15": 5,
      "16": 5,
      "17": 5,
      "18": 5,
      "19": 5,
      "20": 5,
      "21": 5,
      "22": 5,
      "23": 4,
      "24": 4,
      "25": 0,
      "26": 0,
      "27": 0,
      "28": 0,
      "29": 0
    },
    "f": {
      "0": 5,
      "1": 16,
      "2": 23,
      "3": 120,
      "4": 5,
      "5": 4,
      "6": 0
    },
    "b": {
      "0": [
        5,
        0
      ],
      "1": [
        0,
        5
      ],
      "2": [
        5,
        0
      ],
      "3": [
        0,
        0
      ],
      "4": [
        0,
        0
      ]
    },
    "inputSourceMap": {
      "version": 3,
      "mappings": "AAeU;;;;;;;;;;;;;;;;AAbV,OAAOA,kBAAkB;AAEzB,SAASC,sBAAsB;AAE/B,OAAO;AAEP,MAAMC,WAA6BA,CAAC;AAAA,EAAEC;AAAAA,EAAcC;AAAgB,MAAM;AAAAC;AACxE,QAAM;AAAA,IAAEC;AAAAA,EAAM,IAAIL,eAAgBM,WAAUA,MAAMC,IAAI;AAEtD,SACE,uBAAC,SAAI,WAAU,eAAc,eAAY,cACtCF,gBAAMG,IAAKC,UAAS;AACnB,WACE,uBAAC,gBAEC,MACA,cACA,mBAHKA,KAAKC,IADZ;AAAA;AAAA;AAAA;AAAA,WAImC;AAAA,EAGvC,CAAC,KAVH;AAAA;AAAA;AAAA;AAAA,SAWA;AAEJ;AAAEN,GAjBIH,UAA0B;AAAA,UACZD,cAAc;AAAA;AAAAW,KAD5BV;AAmBN,eAAeA;AAAS;AAAAW",
      "names": [
        "CardListItem",
        "useAppSelector",
        "CardList",
        "setShowModal",
        "setActiveCardId",
        "_s",
        "cards",
        "state",
        "home",
        "map",
        "card",
        "id",
        "_c",
        "$RefreshReg$"
      ],
      "sources": [
        "C:/Study/Projects/rs-react/src/components/CardList/index.tsx"
      ],
      "file": "C:/Study/Projects/rs-react/src/components/CardList/index.tsx"
    },
    "_coverageSchema": "1a1c01bbd47fc00a2c39e90264f33305004495a9",
    "hash": "db0133d77706c25403eaf62d9f6acb039779c4ae"
  },
  "C:/Study/Projects/rs-react/src/hooks/fetch.ts": {
    "path": "C:/Study/Projects/rs-react/src/hooks/fetch.ts",
    "statementMap": {
      "0": {
        "start": {
          "line": 1,
          "column": 17
        },
        "end": {
          "line": 15,
          "column": 1
        }
      },
      "1": {
        "start": {
          "line": 2,
          "column": 18
        },
        "end": {
          "line": 13,
          "column": 3
        }
      },
      "2": {
        "start": {
          "line": 3,
          "column": 4
        },
        "end": {
          "line": 12,
          "column": 5
        }
      },
      "3": {
        "start": {
          "line": 4,
          "column": 23
        },
        "end": {
          "line": 4,
          "column": 39
        }
      },
      "4": {
        "start": {
          "line": 5,
          "column": 6
        },
        "end": {
          "line": 7,
          "column": 7
        }
      },
      "5": {
        "start": {
          "line": 6,
          "column": 8
        },
        "end": {
          "line": 6,
          "column": 43
        }
      },
      "6": {
        "start": {
          "line": 8,
          "column": 19
        },
        "end": {
          "line": 8,
          "column": 40
        }
      },
      "7": {
        "start": {
          "line": 9,
          "column": 6
        },
        "end": {
          "line": 9,
          "column": 18
        }
      },
      "8": {
        "start": {
          "line": 11,
          "column": 6
        },
        "end": {
          "line": 11,
          "column": 18
        }
      },
      "9": {
        "start": {
          "line": 14,
          "column": 2
        },
        "end": {
          "line": 14,
          "column": 21
        }
      }
    },
    "fnMap": {
      "0": {
        "name": "(anonymous_0)",
        "decl": {
          "start": {
            "line": 1,
            "column": 17
          },
          "end": {
            "line": 1,
            "column": 18
          }
        },
        "loc": {
          "start": {
            "line": 1,
            "column": 23
          },
          "end": {
            "line": 15,
            "column": 1
          }
        },
        "line": 1
      },
      "1": {
        "name": "(anonymous_1)",
        "decl": {
          "start": {
            "line": 2,
            "column": 18
          },
          "end": {
            "line": 2,
            "column": 19
          }
        },
        "loc": {
          "start": {
            "line": 2,
            "column": 33
          },
          "end": {
            "line": 13,
            "column": 3
          }
        },
        "line": 2
      }
    },
    "branchMap": {
      "0": {
        "loc": {
          "start": {
            "line": 5,
            "column": 6
          },
          "end": {
            "line": 7,
            "column": 7
          }
        },
        "type": "if",
        "locations": [
          {
            "start": {
              "line": 5,
              "column": 6
            },
            "end": {
              "line": 7,
              "column": 7
            }
          },
          {
            "start": {},
            "end": {}
          }
        ],
        "line": 5
      }
    },
    "s": {
      "0": 5,
      "1": 5,
      "2": 5,
      "3": 5,
      "4": 2,
      "5": 0,
      "6": 2,
      "7": 2,
      "8": 0,
      "9": 5
    },
    "f": {
      "0": 5,
      "1": 5
    },
    "b": {
      "0": [
        0,
        2
      ]
    },
    "inputSourceMap": {
      "version": 3,
      "sources": [
        "C:/Study/Projects/rs-react/src/hooks/fetch.ts"
      ],
      "mappings": "AAAA,MAAM,WAAW,MAAM;AACrB,QAAM,UAAU,OAAO,QAAgB;AACrC,QAAI;AACF,YAAM,WAAW,MAAM,MAAM,GAAG;AAChC,UAAI,CAAC,SAAS,IAAI;AAChB,cAAM,IAAI,MAAM,iBAAiB;AAAA,MACnC;AACA,YAAM,OAAO,MAAM,SAAS,KAAK;AACjC,aAAO;AAAA,IACT,SAAS,OAAP;AACA,YAAM;AAAA,IACR;AAAA,EACF;AAEA,SAAO,EAAE,QAAQ;AACnB;AAEA,eAAe;",
      "names": []
    },
    "_coverageSchema": "1a1c01bbd47fc00a2c39e90264f33305004495a9",
    "hash": "b01619e7d9ac1f9a34685fe6b1a250abba164fbf"
  },
  "C:/Study/Projects/rs-react/src/components/Home/homeSlice.ts": {
    "path": "C:/Study/Projects/rs-react/src/components/Home/homeSlice.ts",
    "statementMap": {
      "0": {
        "start": {
          "line": 3,
          "column": 21
        },
        "end": {
          "line": 9,
          "column": 1
        }
      },
      "1": {
        "start": {
          "line": 10,
          "column": 29
        },
        "end": {
          "line": 18,
          "column": 1
        }
      },
      "2": {
        "start": {
          "line": 13,
          "column": 24
        },
        "end": {
          "line": 13,
          "column": 34
        }
      },
      "3": {
        "start": {
          "line": 14,
          "column": 4
        },
        "end": {
          "line": 16,
          "column": 6
        }
      },
      "4": {
        "start": {
          "line": 19,
          "column": 35
        },
        "end": {
          "line": 27,
          "column": 1
        }
      },
      "5": {
        "start": {
          "line": 22,
          "column": 24
        },
        "end": {
          "line": 22,
          "column": 34
        }
      },
      "6": {
        "start": {
          "line": 23,
          "column": 4
        },
        "end": {
          "line": 25,
          "column": 6
        }
      },
      "7": {
        "start": {
          "line": 28,
          "column": 29
        },
        "end": {
          "line": 36,
          "column": 1
        }
      },
      "8": {
        "start": {
          "line": 31,
          "column": 24
        },
        "end": {
          "line": 31,
          "column": 34
        }
      },
      "9": {
        "start": {
          "line": 32,
          "column": 4
        },
        "end": {
          "line": 34,
          "column": 6
        }
      },
      "10": {
        "start": {
          "line": 37,
          "column": 18
        },
        "end": {
          "line": 73,
          "column": 2
        }
      },
      "11": {
        "start": {
          "line": 42,
          "column": 6
        },
        "end": {
          "line": 42,
          "column": 35
        }
      },
      "12": {
        "start": {
          "line": 46,
          "column": 4
        },
        "end": {
          "line": 71,
          "column": 7
        }
      },
      "13": {
        "start": {
          "line": 47,
          "column": 6
        },
        "end": {
          "line": 47,
          "column": 43
        }
      },
      "14": {
        "start": {
          "line": 48,
          "column": 6
        },
        "end": {
          "line": 48,
          "column": 23
        }
      },
      "15": {
        "start": {
          "line": 50,
          "column": 6
        },
        "end": {
          "line": 50,
          "column": 40
        }
      },
      "16": {
        "start": {
          "line": 51,
          "column": 6
        },
        "end": {
          "line": 51,
          "column": 43
        }
      },
      "17": {
        "start": {
          "line": 53,
          "column": 6
        },
        "end": {
          "line": 53,
          "column": 41
        }
      },
      "18": {
        "start": {
          "line": 55,
          "column": 6
        },
        "end": {
          "line": 55,
          "column": 43
        }
      },
      "19": {
        "start": {
          "line": 56,
          "column": 6
        },
        "end": {
          "line": 56,
          "column": 23
        }
      },
      "20": {
        "start": {
          "line": 58,
          "column": 6
        },
        "end": {
          "line": 58,
          "column": 40
        }
      },
      "21": {
        "start": {
          "line": 59,
          "column": 6
        },
        "end": {
          "line": 59,
          "column": 43
        }
      },
      "22": {
        "start": {
          "line": 61,
          "column": 6
        },
        "end": {
          "line": 61,
          "column": 41
        }
      },
      "23": {
        "start": {
          "line": 63,
          "column": 6
        },
        "end": {
          "line": 63,
          "column": 42
        }
      },
      "24": {
        "start": {
          "line": 64,
          "column": 6
        },
        "end": {
          "line": 64,
          "column": 26
        }
      },
      "25": {
        "start": {
          "line": 66,
          "column": 6
        },
        "end": {
          "line": 66,
          "column": 39
        }
      },
      "26": {
        "start": {
          "line": 67,
          "column": 6
        },
        "end": {
          "line": 67,
          "column": 34
        }
      },
      "27": {
        "start": {
          "line": 69,
          "column": 6
        },
        "end": {
          "line": 69,
          "column": 40
        }
      },
      "28": {
        "start": {
          "line": 74,
          "column": 29
        },
        "end": {
          "line": 74,
          "column": 38
        }
      },
      "29": {
        "start": {
          "line": 76,
          "column": 28
        },
        "end": {
          "line": 76,
          "column": 35
        }
      }
    },
    "fnMap": {
      "0": {
        "name": "(anonymous_0)",
        "decl": {
          "start": {
            "line": 12,
            "column": 2
          },
          "end": {
            "line": 12,
            "column": 3
          }
        },
        "loc": {
          "start": {
            "line": 12,
            "column": 14
          },
          "end": {
            "line": 17,
            "column": 3
          }
        },
        "line": 12
      },
      "1": {
        "name": "(anonymous_1)",
        "decl": {
          "start": {
            "line": 21,
            "column": 2
          },
          "end": {
            "line": 21,
            "column": 3
          }
        },
        "loc": {
          "start": {
            "line": 21,
            "column": 13
          },
          "end": {
            "line": 26,
            "column": 3
          }
        },
        "line": 21
      },
      "2": {
        "name": "(anonymous_2)",
        "decl": {
          "start": {
            "line": 30,
            "column": 2
          },
          "end": {
            "line": 30,
            "column": 3
          }
        },
        "loc": {
          "start": {
            "line": 30,
            "column": 10
          },
          "end": {
            "line": 35,
            "column": 3
          }
        },
        "line": 30
      },
      "3": {
        "name": "(anonymous_3)",
        "decl": {
          "start": {
            "line": 41,
            "column": 14
          },
          "end": {
            "line": 41,
            "column": 15
          }
        },
        "loc": {
          "start": {
            "line": 41,
            "column": 33
          },
          "end": {
            "line": 43,
            "column": 5
          }
        },
        "line": 41
      },
      "4": {
        "name": "(anonymous_4)",
        "decl": {
          "start": {
            "line": 45,
            "column": 17
          },
          "end": {
            "line": 45,
            "column": 18
          }
        },
        "loc": {
          "start": {
            "line": 45,
            "column": 30
          },
          "end": {
            "line": 72,
            "column": 3
          }
        },
        "line": 45
      },
      "5": {
        "name": "(anonymous_5)",
        "decl": {
          "start": {
            "line": 46,
            "column": 43
          },
          "end": {
            "line": 46,
            "column": 44
          }
        },
        "loc": {
          "start": {
            "line": 46,
            "column": 54
          },
          "end": {
            "line": 49,
            "column": 5
          }
        },
        "line": 46
      },
      "6": {
        "name": "(anonymous_6)",
        "decl": {
          "start": {
            "line": 49,
            "column": 40
          },
          "end": {
            "line": 49,
            "column": 41
          }
        },
        "loc": {
          "start": {
            "line": 49,
            "column": 59
          },
          "end": {
            "line": 52,
            "column": 5
          }
        },
        "line": 49
      },
      "7": {
        "name": "(anonymous_7)",
        "decl": {
          "start": {
            "line": 52,
            "column": 39
          },
          "end": {
            "line": 52,
            "column": 40
          }
        },
        "loc": {
          "start": {
            "line": 52,
            "column": 50
          },
          "end": {
            "line": 54,
            "column": 5
          }
        },
        "line": 52
      },
      "8": {
        "name": "(anonymous_8)",
        "decl": {
          "start": {
            "line": 54,
            "column": 44
          },
          "end": {
            "line": 54,
            "column": 45
          }
        },
        "loc": {
          "start": {
            "line": 54,
            "column": 55
          },
          "end": {
            "line": 57,
            "column": 5
          }
        },
        "line": 54
      },
      "9": {
        "name": "(anonymous_9)",
        "decl": {
          "start": {
            "line": 57,
            "column": 46
          },
          "end": {
            "line": 57,
            "column": 47
          }
        },
        "loc": {
          "start": {
            "line": 57,
            "column": 65
          },
          "end": {
            "line": 60,
            "column": 5
          }
        },
        "line": 57
      },
      "10": {
        "name": "(anonymous_10)",
        "decl": {
          "start": {
            "line": 60,
            "column": 45
          },
          "end": {
            "line": 60,
            "column": 46
          }
        },
        "loc": {
          "start": {
            "line": 60,
            "column": 56
          },
          "end": {
            "line": 62,
            "column": 5
          }
        },
        "line": 60
      },
      "11": {
        "name": "(anonymous_11)",
        "decl": {
          "start": {
            "line": 62,
            "column": 38
          },
          "end": {
            "line": 62,
[...]
          "start": {
            "line": 45,
            "column": 9
          },
          "end": {
            "line": 45,
            "column": 10
          }
        },
        "loc": {
          "start": {
            "line": 45,
            "column": 29
          },
          "end": {
            "line": 54,
            "column": 3
          }
        },
        "line": 45
      },
      "3": {
        "name": "(anonymous_3)",
        "decl": {
          "start": {
            "line": 47,
            "column": 27
          },
          "end": {
            "line": 47,
            "column": 28
          }
        },
        "loc": {
          "start": {
            "line": 47,
            "column": 44
          },
          "end": {
            "line": 53,
            "column": 5
          }
        },
        "line": 47
      }
    },
    "branchMap": {
      "0": {
        "loc": {
          "start": {
            "line": 5,
            "column": 0
          },
          "end": {
            "line": 15,
            "column": 1
          }
        },
        "type": "if",
        "locations": [
          {
            "start": {
              "line": 5,
              "column": 0
            },
            "end": {
              "line": 15,
              "column": 1
            }
          },
          {
            "start": {},
            "end": {}
          }
        ],
        "line": 5
      },
      "1": {
        "loc": {
          "start": {
            "line": 6,
            "column": 2
          },
          "end": {
            "line": 8,
            "column": 3
          }
        },
        "type": "if",
        "locations": [
          {
            "start": {
              "line": 6,
              "column": 2
            },
            "end": {
              "line": 8,
              "column": 3
            }
          },
          {
            "start": {},
            "end": {}
          }
        ],
        "line": 6
      },
      "2": {
        "loc": {
          "start": {
            "line": 39,
            "column": 0
          },
          "end": {
            "line": 55,
            "column": 1
          }
        },
        "type": "if",
        "locations": [
          {
            "start": {
              "line": 39,
              "column": 0
            },
            "end": {
              "line": 55,
              "column": 1
            }
          },
          {
            "start": {},
            "end": {}
          }
        ],
        "line": 39
      },
      "3": {
        "loc": {
          "start": {
            "line": 48,
            "column": 6
          },
          "end": {
            "line": 49,
            "column": 15
          }
        },
        "type": "if",
        "locations": [
          {
            "start": {
              "line": 48,
              "column": 6
            },
            "end": {
              "line": 49,
              "column": 15
            }
          },
          {
            "start": {},
            "end": {}
          }
        ],
        "line": 48
      },
      "4": {
        "loc": {
          "start": {
            "line": 51,
            "column": 6
          },
          "end": {
            "line": 52,
            "column": 54
          }
        },
        "type": "if",
        "locations": [
          {
            "start": {
              "line": 51,
              "column": 6
            },
            "end": {
              "line": 52,
              "column": 54
            }
          },
          {
            "start": {},
            "end": {}
          }
        ],
        "line": 51
      }
    },
    "s": {
      "0": 5,
      "1": 5,
      "2": 0,
      "3": 5,
      "4": 5,
      "5": 5,
      "6": 5,
      "7": 5,
      "8": 5,
      "9": 0,
      "10": 5,
      "11": 5,
      "12": 5,
      "13": 5,
      "14": 5,
      "15": 5,
      "16": 4,
      "17": 4,
      "18": 0,
      "19": 0,
      "20": 0,
      "21": 0,
      "22": 0
    },
    "f": {
      "0": 5,
      "1": 0,
      "2": 4,
      "3": 0
    },
    "b": {
      "0": [
        5,
        0
      ],
      "1": [
        0,
        5
      ],
      "2": [
        5,
        0
      ],
      "3": [
        0,
        0
      ],
      "4": [
        0,
        0
      ]
    },
    "inputSourceMap": {
      "version": 3,
      "mappings": "AAOM;AAPN,OAAOA,oBAAmB;AAAO;AAAA;AAAA;AAAA;AAAA;AAAA;AAAA;AAAA;AAAA;AAAA;AAAA;AAAA;AAAA;AAEjC,OAAO;AAEP,MAAMC,WAAeA,MAAM;AACzB,SACE,uBAAC,SAAI,WAAU,aACb;AAAA,2BAAC,QAAG,WAAU,oBAAmB,yBAAjC;AAAA;AAAA;AAAA;AAAA,WAA0C;AAAA,IAC1C,uBAAC,OAAE,WAAU,mBAAkB,mBAA/B;AAAA;AAAA;AAAA;AAAA,WAAkC;AAAA,OAFpC;AAAA;AAAA;AAAA;AAAA,SAGA;AAEJ;AAAEC,KAPID;AASN,eAAeA;AAAS;AAAAE",
      "names": [
        "React",
        "NotFound",
        "_c",
        "$RefreshReg$"
      ],
      "sources": [
        "C:/Study/Projects/rs-react/src/components/NotFound/index.tsx"
      ],
      "file": "C:/Study/Projects/rs-react/src/components/NotFound/index.tsx"
    },
    "_coverageSchema": "1a1c01bbd47fc00a2c39e90264f33305004495a9",
    "hash": "84e77d8afd17d5b0609d523d11542dc497c9a7a5"
  },
  "C:/Study/Projects/rs-react/src/App.tsx": {
    "path": "C:/Study/Projects/rs-react/src/App.tsx",
    "statementMap": {
      "0": {
        "start": {
          "line": 5,
          "column": 0
        },
        "end": {
          "line": 15,
          "column": 1
        }
      },
      "1": {
        "start": {
          "line": 6,
          "column": 2
        },
        "end": {
          "line": 8,
          "column": 3
        }
      },
      "2": {
        "start": {
          "line": 7,
          "column": 4
        },
        "end": {
          "line": 7,
          "column": 165
        }
      },
      "3": {
        "start": {
          "line": 9,
          "column": 2
        },
        "end": {
          "line": 9,
          "column": 39
        }
      },
      "4": {
        "start": {
          "line": 10,
          "column": 2
        },
        "end": {
          "line": 10,
          "column": 39
        }
      },
      "5": {
        "start": {
          "line": 11,
          "column": 2
        },
        "end": {
          "line": 13,
          "column": 4
        }
      },
      "6": {
        "start": {
          "line": 12,
          "column": 4
        },
        "end": {
          "line": 12,
          "column": 82
        }
      },
      "7": {
        "start": {
          "line": 14,
          "column": 2
        },
        "end": {
          "line": 14,
          "column": 75
        }
      },
      "8": {
        "start": {
          "line": 23,
          "column": 12
        },
        "end": {
          "line": 74,
          "column": 1
        }
      },
      "9": {
        "start": {
          "line": 24,
          "column": 2
        },
        "end": {
          "line": 73,
          "column": 11
        }
      },
      "10": {
        "start": {
          "line": 75,
          "column": 0
        },
        "end": {
          "line": 75,
          "column": 9
        }
      },
      "11": {
        "start": {
          "line": 78,
          "column": 0
        },
        "end": {
          "line": 78,
          "column": 24
        }
      },
      "12": {
        "start": {
          "line": 79,
          "column": 0
        },
        "end": {
          "line": 95,
          "column": 1
        }
      },
      "13": {
        "start": {
          "line": 80,
          "column": 2
        },
        "end": {
          "line": 80,
          "column": 39
        }
      },
      "14": {
        "start": {
          "line": 81,
          "column": 2
        },
        "end": {
          "line": 81,
          "column": 39
        }
      },
      "15": {
        "start": {
          "line": 82,
          "column": 2
        },
        "end": {
          "line": 94,
          "column": 5
        }
      },
      "16": {
        "start": {
          "line": 86,
          "column": 4
        },
        "end": {
          "line": 86,
          "column": 108
        }
      },
      "17": {
        "start": {
          "line": 87,
          "column": 4
        },
        "end": {
          "line": 93,
          "column": 7
        }
      },
      "18": {
        "start": {
          "line": 88,
          "column": 6
        },
        "end": {
          "line": 89,
          "column": 15
        }
      },
      "19": {
        "start": {
          "line": 89,
          "column": 8
        },
        "end": {
          "line": 89,
          "column": 15
        }
      },
      "20": {
        "start": {
          "line": 90,
          "column": 32
        },
        "end": {
          "line": 90,
          "column": 115
        }
      },
      "21": {
        "start": {
          "line": 91,
          "column": 6
        },
        "end": {
          "line": 92,
          "column": 54
        }
      },
      "22": {
        "start": {
          "line": 92,
          "column": 8
        },
        "end": {
          "line": 92,
          "column": 54
        }
      }
    },
    "fnMap": {
      "0": {
        "name": "(anonymous_0)",
        "decl": {
          "start": {
            "line": 11,
            "column": 24
          },
          "end": {
            "line": 11,
            "column": 25
          }
        },
        "loc": {
          "start": {
            "line": 11,
            "column": 38
          },
          "end": {
            "line": 13,
            "column": 3
          }
        },
        "line": 11
      },
      "1": {
        "name": "(anonymous_1)",
        "decl": {
          "start": {
            "line": 23,
            "column": 12
          },
          "end": {
            "line": 23,
            "column": 13
          }
        },
        "loc": {
          "start": {
            "line": 23,
            "column": 18
          },
          "end": {
            "line": 74,
            "column": 1
          }
        },
        "line": 23
      },
      "2": {
        "name": "(anonymous_2)",
        "decl": {
          "start": {
            "line": 85,
            "column": 9
          },
          "end": {
            "line": 85,
            "column": 10
          }
        },
        "loc": {
          "start": {
            "line": 85,
            "column": 29
          },
          "end": {
            "line": 94,
            "column": 3
          }
        },
        "line": 85
      },
      "3": {
        "name": "(anonymous_3)",
        "decl": {
          "start": {
            "line": 87,
            "column": 27
          },
          "end": {
            "line": 87,
            "column": 28
          }
        },
        "loc": {
          "start": {
            "line": 87,
            "column": 44
          },
          "end": {
            "line": 93,
            "column": 5
          }
        },
        "line": 87
      }
    },
    "branchMap": {
      "0": {
        "loc": {
          "start": {
            "line": 5,
            "column": 0
          },
          "end": {
            "line": 15,
            "column": 1
          }
        },
        "type": "if",
        "locations": [
          {
            "start": {
              "line": 5,
              "column": 0
            },
            "end": {
              "line": 15,
              "column": 1
            }
          },
          {
            "start": {},
            "end": {}
          }
        ],
        "line": 5
      },
      "1": {
        "loc": {
          "start": {
            "line": 6,
            "column": 2
          },
          "end": {
            "line": 8,
            "column": 3
          }
        },
        "type": "if",
        "locations": [
          {
            "start": {
              "line": 6,
              "column": 2
            },
            "end": {
              "line": 8,
              "column": 3
            }
          },
          {
            "start": {},
            "end": {}
          }
        ],
        "line": 6
      },
      "2": {
        "loc": {
          "start": {
            "line": 79,
            "column": 0
          },
          "end": {
            "line": 95,
            "column": 1
          }
        },
        "type": "if",
        "locations": [
          {
            "start": {
              "line": 79,
              "column": 0
            },
            "end": {
              "line": 95,
              "column": 1
            }
          },
          {
            "start": {},
            "end": {}
          }
        ],
        "line": 79
      },
      "3": {
        "loc": {
          "start": {
            "line": 88,
            "column": 6
          },
          "end": {
            "line": 89,
            "column": 15
          }
        },
        "type": "if",
        "locations": [
          {
            "start": {
              "line": 88,
              "column": 6
            },
            "end": {
              "line": 89,
              "column": 15
            }
          },
          {
            "start": {},
            "end": {}
          }
        ],
        "line": 88
      },
      "4": {
        "loc": {
          "start": {
            "line": 91,
            "column": 6
          },
          "end": {
            "line": 92,
            "column": 54
          }
        },
        "type": "if",
        "locations": [
          {
            "start": {
              "line": 91,
              "column": 6
            },
            "end": {
              "line": 92,
              "column": 54
            }
          },
          {
            "start": {},
            "end": {}
          }
        ],
        "line": 91
      }
    },
    "s": {
      "0": 5,
      "1": 5,
      "2": 0,
      "3": 5,
      "4": 5,
      "5": 5,
      "6": 5,
      "7": 5,
      "8": 5,
      "9": 5,
      "10": 5,
      "11": 5,
      "12": 5,
      "13": 5,
      "14": 5,
      "15": 5,
      "16": 4,
      "17": 4,
      "18": 0,
      "19": 0,
      "20": 0,
      "21": 0,
      "22": 0
    },
    "f": {
      "0": 5,
      "1": 5,
      "2": 4,
      "3": 0
    },
    "b": {
      "0": [
        5,
        0
      ],
      "1": [
        0,
        5
      ],
      "2": [
        5,
        0
      ],
      "3": [
        0,
        0
      ],
      "4": [
        0,
        0
      ]
    },
    "inputSourceMap": {
      "version": 3,
      "mappings": "AAc+B;AAd/B,2BAA0B;AAAA;AAAA;AAAA;AAAA;AAAA;AAAA;AAAA;AAAA;AAAA;AAAA;AAAA;AAAA;AAAA;AAC1B,SAASA,QAAQC,aAAa;AAE9B,OAAOC,YAAY;AACnB,OAAOC,UAAU;AACjB,OAAOC,WAAW;AAClB,OAAOC,cAAc;AACrB,OAAOC,cAAc;AAErB,OAAO;AAEP,MAAMC,MAAUA,MAAM;AACpB,SACE,uBAAC,UACC,iCAAC,SAAM,MAAK,KAAI,SAAS,uBAAC,YAAD;AAAA;AAAA;AAAA;AAAA,SAAO,GAC9B;AAAA,2BAAC,SAAM,OAAK,MAAC,SAAS,uBAAC,UAAD;AAAA;AAAA;AAAA;AAAA,WAAK,KAA3B;AAAA;AAAA;AAAA;AAAA,WAA+B;AAAA,IAC/B,uBAAC,SAAM,MAAK,SAAQ,SAAS,uBAAC,WAAD;AAAA;AAAA;AAAA;AAAA,WAAM,KAAnC;AAAA;AAAA;AAAA;AAAA,WAAuC;AAAA,IACvC,uBAAC,SAAM,MAAK,QAAO,SAAS,uBAAC,cAAD;AAAA;AAAA;AAAA;AAAA,WAAS,KAArC;AAAA;AAAA;AAAA;AAAA,WAAyC;AAAA,IACzC,uBAAC,SAAM,MAAK,KAAI,SAAS,uBAAC,cAAD;AAAA;AAAA;AAAA;AAAA,WAAS,KAAlC;AAAA;AAAA;AAAA;AAAA,WAAsC;AAAA,OAJxC;AAAA;AAAA;AAAA;AAAA,SAKA,KANF;AAAA;AAAA;AAAA;AAAA,SAOA;AAEJ;AAAEC,KAXID;AAaN,eAAeA;AAAI;AAAAE",
      "names": [
        "Routes",
        "Route",
        "Layout",
        "Home",
        "About",
        "FormData",
        "NotFound",
        "App",
        "_c",
        "$RefreshReg$"
      ],
      "sources": [
        "C:/Study/Projects/rs-react/src/App.tsx"
      ],
      "file": "C:/Study/Projects/rs-react/src/App.tsx"
    },
    "_coverageSchema": "1a1c01bbd47fc00a2c39e90264f33305004495a9",
    "hash": "9a7415830b177bf8ec96638937fd2ebdd58490b3"
  },
  "C:/Study/Projects/rs-react/src/store/index.ts": {
    "path": "C:/Study/Projects/rs-react/src/store/index.ts",
    "statementMap": {
      "0": {
        "start": {
          "line": 4,
          "column": 20
        },
        "end": {
          "line": 7,
          "column": 2
        }
      },
      "1": {
        "start": {
          "line": 8,
          "column": 20
        },
        "end": {
          "line": 15,
          "column": 1
        }
      },
      "2": {
        "start": {
          "line": 9,
          "column": 2
        },
        "end": {
          "line": 14,
          "column": 5
        }
      },
      "3": {
        "start": {
          "line": 11,
          "column": 42
        },
        "end": {
          "line": 11,
          "column": 64
        }
      }
    },
    "fnMap": {
      "0": {
        "name": "(anonymous_0)",
        "decl": {
          "start": {
            "line": 8,
            "column": 20
          },
          "end": {
            "line": 8,
            "column": 21
          }
        },
        "loc": {
          "start": {
            "line": 8,
            "column": 40
          },
          "end": {
            "line": 15,
            "column": 1
          }
        },
        "line": 8
      },
      "1": {
        "name": "(anonymous_1)",
        "decl": {
          "start": {
            "line": 11,
            "column": 16
          },
          "end": {
            "line": 11,
            "column": 17
          }
        },
        "loc": {
          "start": {
            "line": 11,
            "column": 42
          },
          "end": {
            "line": 11,
            "column": 64
          }
        },
        "line": 11
      }
    },
    "branchMap": {},
    "s": {
      "0": 5,
      "1": 5,
      "2": 5,
      "3": 5
    },
    "f": {
      "0": 5,
      "1": 5
    },
    "b": {},
    "inputSourceMap": {
      "version": 3,
      "sources": [
        "C:/Study/Projects/rs-react/src/store/index.ts"
      ],
      "mappings": "AAAA,SAAS,iBAAiB,sBAAsC;AAEhE,OAAO,iBAAiB;AACxB,OAAO,iBAAiB;AAExB,MAAM,cAAc,gBAAgB;AAAA,EAClC,MAAM;AAAA,EACN,MAAM;AACR,CAAC;AAED,MAAM,cAAc,CAAC,mBAA+C;AAClE,SAAO,eAAe;AAAA,IACpB,SAAS;AAAA,IACT,YAAY,CAAC,yBAAyB,qBAAqB;AAAA,IAC3D,UAAU,QAAQ,IAAI,aAAa;AAAA,IACnC;AAAA,EACF,CAAC;AACH;AAEA,eAAe;",
      "names": []
    },
    "_coverageSchema": "1a1c01bbd47fc00a2c39e90264f33305004495a9",
    "hash": "0de8e2b2aa22a92fccd456c3652278d14b9b853f"
  },
  "C:/Study/Projects/rs-react/src/entry-client.tsx": {
    "path": "C:/Study/Projects/rs-react/src/entry-client.tsx",
    "statementMap": {
      "0": {
        "start": {
          "line": 7,
          "column": 14
        },
        "end": {
          "line": 7,
          "column": 53
        }
      },
      "1": {
        "start": {
          "line": 8,
          "column": 0
        },
        "end": {
          "line": 8,
          "column": 34
        }
      },
      "2": {
        "start": {
          "line": 9,
          "column": 0
        },
        "end": {
          "line": 21,
          "column": 10
        }
      }
    },
    "fnMap": {},
    "branchMap": {},
    "s": {
      "0": 5,
      "1": 5,
      "2": 5
    },
    "f": {},
    "b": {},
    "inputSourceMap": {
      "version": 3,
      "mappings": "AAeM;AAdN,SAASA,mBAAmB;AAC5B,SAASC,qBAAqB;AAC9B,SAASC,gBAAgB;AAEzB,OAAOC,SAAS;AAChB,OAAOC,iBAAiB;AAExB,MAAMC,QAAQD,YAAYE,OAAOC,mBAAmB;AACpD,OAAOD,OAAOC;AAEdP,YACEQ,SAASC,eAAe,MAAM,GAC9B,uBAAC,YAAS,OACR,iCAAC,iBACC,iCAAC,SAAD;AAAA;AAAA;AAAA;AAAA,OAAI,KADN;AAAA;AAAA;AAAA;AAAA,OAEA,KAHF;AAAA;AAAA;AAAA;AAAA,OAIA,CAAW",
      "names": [
        "hydrateRoot",
        "BrowserRouter",
        "Provider",
        "App",
        "createStore",
        "store",
        "window",
        "__PRELOADED_STATE__",
        "document",
        "getElementById"
      ],
      "sources": [
        "C:/Study/Projects/rs-react/src/entry-client.tsx"
      ],
      "file": "C:/Study/Projects/rs-react/src/entry-client.tsx"
    },
    "_coverageSchema": "1a1c01bbd47fc00a2c39e90264f33305004495a9",
    "hash": "8b1440ca9cfb815bac967359786a06e644668b29"
  }
}